Using pre-set license
Built from '2021.1/release' branch; Version is '2021.1.4f1 (4cd64a618c1b) revision 5035594'; Using compiler version '192528614'; Build Type 'Release'
OS: 'Windows 10 Pro; OS build 22000.613; Version 2009; 64bit' Language: 'en' Physical Memory: 32561 MB
BatchMode: 1, IsHumanControllingUs: 0, StartBugReporterOnCrash: 0, Is64bit: 1, IsPro: 0

 COMMAND LINE ARGUMENTS:
C:\Program Files\Unity\Hub\Editor\2021.1.4f1\Editor\Unity.exe
-adb2
-batchMode
-noUpm
-name
AssetImportWorker0
-projectPath
C:/Users/maxde/Documents/git-repos/MemristorArduinoUnity/unity/MemristorDemo
-logFile
Logs/AssetImportWorker0.log
-srvPort
64871
Successfully changed project path to: C:/Users/maxde/Documents/git-repos/MemristorArduinoUnity/unity/MemristorDemo
C:/Users/maxde/Documents/git-repos/MemristorArduinoUnity/unity/MemristorDemo
Using Asset Import Pipeline V2.
Refreshing native plugins compatible for Editor in 55.55 ms, found 0 plugins.
Preloading 0 native plugins for Editor in 0.00 ms.
Initialize engine version: 2021.1.4f1 (4cd64a618c1b)
[Subsystems] Discovering subsystems at path C:/Program Files/Unity/Hub/Editor/2021.1.4f1/Editor/Data/Resources/UnitySubsystems
[Subsystems] Discovering subsystems at path C:/Users/maxde/Documents/git-repos/MemristorArduinoUnity/unity/MemristorDemo/Assets
GfxDevice: creating device client; threaded=0; jobified=0
Direct3D:
    Version:  Direct3D 11.0 [level 11.1]
    Renderer: NVIDIA GeForce RTX 2080 with Max-Q Design (ID=0x1e90)
    Vendor:   NVIDIA
    VRAM:     8010 MB
    Driver:   30.0.14.9649
Initialize mono
Mono path[0] = 'C:/Program Files/Unity/Hub/Editor/2021.1.4f1/Editor/Data/Managed'
Mono path[1] = 'C:/Program Files/Unity/Hub/Editor/2021.1.4f1/Editor/Data/MonoBleedingEdge/lib/mono/unityjit'
Mono config path = 'C:/Program Files/Unity/Hub/Editor/2021.1.4f1/Editor/Data/MonoBleedingEdge/etc'
Using monoOptions --debugger-agent=transport=dt_socket,embedding=1,server=y,suspend=n,address=127.0.0.1:56196
Begin MonoManager ReloadAssembly
Registering precompiled unity dll's ...
Register platform support module: C:/Program Files/Unity/Hub/Editor/2021.1.4f1/Editor/Data/PlaybackEngines/WebGLSupport/UnityEditor.WebGL.Extensions.dll
Register platform support module: C:/Program Files/Unity/Hub/Editor/2021.1.4f1/Editor/Data/PlaybackEngines/WindowsStandaloneSupport/UnityEditor.WindowsStandalone.Extensions.dll
Registered in 0.006175 seconds.
Native extension for WindowsStandalone target not found
Native extension for WebGL target not found
Refreshing native plugins compatible for Editor in 46.88 ms, found 0 plugins.
Preloading 0 native plugins for Editor in 0.00 ms.
Mono: successfully reloaded assembly
- Completed reload, in  2.591 seconds
Platform modules already initialized, skipping
Registering precompiled user dll's ...
Registered in 0.001403 seconds.
Begin MonoManager ReloadAssembly
Native extension for WindowsStandalone target not found
Native extension for WebGL target not found
Refreshing native plugins compatible for Editor in 0.49 ms, found 0 plugins.
Preloading 0 native plugins for Editor in 0.00 ms.
Mono: successfully reloaded assembly
- Completed reload, in  1.596 seconds
Platform modules already initialized, skipping
========================================================================
Worker process is ready to serve import requests
Launched and connected shader compiler UnityShaderCompiler.exe after 0.08 seconds
Refreshing native plugins compatible for Editor in 0.46 ms, found 0 plugins.
Preloading 0 native plugins for Editor in 0.00 ms.
Unloading 1419 Unused Serialized files (Serialized files now loaded: 0)
System memory in use before: 70.8 MB.
System memory in use after: 70.8 MB.

Unloading 24 unused Assets to reduce memory usage. Loaded Objects now: 1864.
Total: 2.692800 ms (FindLiveObjects: 0.208000 ms CreateObjectMapping: 0.064600 ms MarkObjects: 2.336100 ms  DeleteObjects: 0.082400 ms)

========================================================================
Received Import Request.
  path: Assets/Scripts
  artifactKey: Guid(d5c4f1f663a19d743980f826670b393b) Importer(815301076,1909f56bfc062723c751e8b465ee728b)
Start importing Assets/Scripts using Guid(d5c4f1f663a19d743980f826670b393b) Importer(815301076,1909f56bfc062723c751e8b465ee728b)  -> (artifact id: '7b1eb4549e9a8743f6fc19954e090f41') in 0.011515 seconds 
========================================================================
Received Import Request.
  Time since last request: 0.000436 seconds.
  path: Assets/USN_logo_En_rgb -Wit.png
  artifactKey: Guid(5e7a15fdd97c9384582d263895d2fc73) Importer(815301076,1909f56bfc062723c751e8b465ee728b)
Start importing Assets/USN_logo_En_rgb -Wit.png using Guid(5e7a15fdd97c9384582d263895d2fc73) Importer(815301076,1909f56bfc062723c751e8b465ee728b)  -> (artifact id: '2c2f18b25a949b96b7ed9b3bbd1c5f0a') in 0.475214 seconds 
========================================================================
Received Import Request.
  Time since last request: 43.202482 seconds.
  path: Assets/USN_logo_En_rgb -Wit.png
  artifactKey: Guid(5e7a15fdd97c9384582d263895d2fc73) Importer(815301076,1909f56bfc062723c751e8b465ee728b)
Start importing Assets/USN_logo_En_rgb -Wit.png using Guid(5e7a15fdd97c9384582d263895d2fc73) Importer(815301076,1909f56bfc062723c751e8b465ee728b)  -> (artifact id: '1b62d32b2244e582c95843e56e249978') in 0.085217 seconds 
========================================================================
Received Import Request.
  Time since last request: 7.106114 seconds.
  path: Assets/USN_logo_En_rgb -Wit.png
  artifactKey: Guid(5e7a15fdd97c9384582d263895d2fc73) Importer(815301076,1909f56bfc062723c751e8b465ee728b)
Start importing Assets/USN_logo_En_rgb -Wit.png using Guid(5e7a15fdd97c9384582d263895d2fc73) Importer(815301076,1909f56bfc062723c751e8b465ee728b)  -> (artifact id: '6cb067ea53737f3e73e393ffc7dab9d9') in 0.083022 seconds 
========================================================================
Received Import Request.
  Time since last request: 93.176317 seconds.
  path: Assets/USN_logo_En_rgb -Wit.png
  artifactKey: Guid(5e7a15fdd97c9384582d263895d2fc73) Importer(815301076,1909f56bfc062723c751e8b465ee728b)
Start importing Assets/USN_logo_En_rgb -Wit.png using Guid(5e7a15fdd97c9384582d263895d2fc73) Importer(815301076,1909f56bfc062723c751e8b465ee728b)  -> (artifact id: 'e660096764f313987f1ff18c5f7e4716') in 0.052051 seconds 
